<?xml version="1.0" encoding="UTF-8"?>
<testsuite xmlns:xsi="http://www.w3.org/2001/XMLSchema-instance" xsi:noNamespaceSchemaLocation="https://maven.apache.org/surefire/maven-surefire-plugin/xsd/surefire-test-report-3.0.xsd" version="3.0" name="reports.ReportTest" time="0.547" tests="11" errors="0" skipped="0" failures="0">
  <properties>
[...]
</properties>
  <testcase name="inventory_report_has_correct_title" classname="reports.ReportTest" time="0.484">
    <system-err><![CDATA[WARNING: A Java agent has been loaded dynamically (/Users/dariyaissina/.m2/repository/net/bytebuddy/byte-buddy-agent/1.14.12/byte-buddy-agent-1.14.12.jar)
WARNING: If a serviceability tool is in use, please run with -XX:+EnableDynamicAgentLoading to hide this warning
WARNING: If a serviceability tool is not in use, please run with -Djdk.instrument.traceUsage for more information
WARNING: Dynamic loading of agents will be disallowed by default in a future release
]]></system-err>
  </testcase>
  <testcase name="html_formatter_wraps_in_table" classname="reports.ReportTest" time="0.005"/>
  <testcase name="archive_handler_creates_file(Path)" classname="reports.ReportTest" time="0.022">
    <system-out><![CDATA[[ARCHIVE] Saved: /var/folders/dt/xrdx4tb92fs0wsdp6stj9_k80000gn/T/junit6813997513039492017/SALES_REPORT_20260330_104032.txt
]]></system-out>
  </testcase>
  <testcase name="email_handler_sends_to_correct_recipient" classname="reports.ReportTest" time="0.007">
    <system-err><![CDATA[Mar 30, 2026 10:40:32 AM reports.handlers.LoggingHandler handle
INFO: [REPORT] 'SALES REPORT' generated, size=188 chars
]]></system-err>
  </testcase>
  <testcase name="sales_report_contains_title_and_total" classname="reports.ReportTest" time="0.001"/>
  <testcase name="chain_executes_all_handlers_in_order" classname="reports.ReportTest" time="0.003">
    <system-err><![CDATA[Mar 30, 2026 10:40:32 AM reports.handlers.LoggingHandler handle
INFO: [REPORT] 'SALES REPORT' generated, size=188 chars
]]></system-err>
  </testcase>
  <testcase name="empty_data_shows_no_data_message" classname="reports.ReportTest" time="0.002"/>
  <testcase name="no_chain_set_does_not_throw" classname="reports.ReportTest" time="0.001"/>
  <testcase name="csv_formatter_produces_no_html_tags" classname="reports.ReportTest" time="0.001"/>
  <testcase name="user_activity_report_shows_event_count" classname="reports.ReportTest" time="0.001"/>
  <testcase name="text_formatter_uses_equals_separator" classname="reports.ReportTest" time="0.001"/>
</testsuite>